<?xml version="1.0" encoding="UTF-8"?>
<!-- Generated by org.testng.reporters.JUnitReportReporter -->
<testsuite hostname="ANANDA-ACHARYA" failures="0" tests="1" name="RestAssured.Test_Patch" time="3.298" errors="0" timestamp="2021-03-19T12:51:33 IST" skipped="0">
  <testcase classname="RestAssured.Test_Patch" name="test01_patch" time="3.298"/>
  <system-out/>
</testsuite> <!-- RestAssured.Test_Patch -->
