<?xml version="1.0" encoding="UTF-8"?>
<!-- Generated by org.testng.reporters.JUnitReportReporter -->
<testsuite hostname="ANANDA-ACHARYA" failures="0" tests="1" name="RestAssuredDemoAPI.Test_Delete_Parameterization" time="2.437" errors="0" timestamp="2021-03-21T12:44:09 IST" skipped="0">
  <testcase classname="RestAssuredDemoAPI.Test_Delete_Parameterization" name="test01_delete" time="2.437"/>
  <system-out/>
</testsuite> <!-- RestAssuredDemoAPI.Test_Delete_Parameterization -->
