<?xml version="1.0" encoding="UTF-8"?>
<!-- Generated by org.testng.reporters.JUnitReportReporter -->
<testsuite hostname="ANANDA-ACHARYA" failures="0" tests="1" name="RestAssured.Test_Delete" time="5.350" errors="0" timestamp="2021-03-19T13:10:06 IST" skipped="0">
  <testcase classname="RestAssured.Test_Delete" name="test01_delete" time="5.350"/>
  <system-out/>
</testsuite> <!-- RestAssured.Test_Delete -->
