<?xml version="1.0" encoding="UTF-8"?>
<!-- Generated by org.testng.reporters.JUnitReportReporter -->
<testsuite hostname="ANANDA-ACHARYA" failures="0" tests="1" name="RestAssuredDemoAPI.Test_Patch" time="2.283" errors="0" timestamp="2021-03-19T19:55:49 IST" skipped="0">
  <testcase classname="RestAssuredDemoAPI.Test_Patch" name="test01_patch" time="2.283"/>
  <system-out/>
</testsuite> <!-- RestAssuredDemoAPI.Test_Patch -->
