<?xml version="1.0" encoding="UTF-8"?>
<!-- Generated by org.testng.reporters.JUnitReportReporter -->
<testsuite hostname="ANANDA-ACHARYA" failures="0" tests="2" name="RestAssured.Test01_GET" time="4.292" errors="0" timestamp="2021-03-18T22:56:22 IST" skipped="0">
  <testcase classname="RestAssured.Test01_GET" name="test_01" time="2.763"/>
  <system-out/>
  <testcase classname="RestAssured.Test01_GET" name="test_02" time="1.529"/>
  <system-out/>
</testsuite> <!-- RestAssured.Test01_GET -->
