<?xml version="1.0" encoding="UTF-8"?>
<!-- Generated by org.testng.reporters.JUnitReportReporter -->
<testsuite hostname="ANANDA-ACHARYA" failures="0" tests="1" name="RestAssuredDemoAPI.Test_GET" time="2.720" errors="0" timestamp="2021-03-19T18:46:17 IST" skipped="0">
  <testcase classname="RestAssuredDemoAPI.Test_GET" name="test01_Get" time="2.720"/>
  <system-out/>
</testsuite> <!-- RestAssuredDemoAPI.Test_GET -->
