<?xml version="1.0" encoding="UTF-8"?>
<!-- Generated by org.testng.reporters.JUnitReportReporter -->
<testsuite hostname="ANANDA-ACHARYA" failures="0" tests="1" name="RestAssuredDemoAPI.Test_Delete" time="15.627" errors="0" timestamp="2021-03-19T20:15:57 IST" skipped="0">
  <testcase classname="RestAssuredDemoAPI.Test_Delete" name="test01_delete" time="15.627"/>
  <system-out/>
</testsuite> <!-- RestAssuredDemoAPI.Test_Delete -->
