<?xml version="1.0" encoding="UTF-8"?>
<!-- Generated by org.testng.reporters.JUnitReportReporter -->
<testsuite hostname="ANANDA-ACHARYA" failures="0" tests="1" name="RestAssured.Test_Get" time="4.116" errors="0" timestamp="2021-03-18T23:35:58 IST" skipped="0">
  <testcase classname="RestAssured.Test_Get" name="test_1" time="4.116"/>
  <system-out/>
</testsuite> <!-- RestAssured.Test_Get -->
