<?xml version="1.0" encoding="UTF-8"?>
<!-- Generated by org.testng.reporters.JUnitReportReporter -->
<testsuite hostname="ANANDA-ACHARYA" failures="0" tests="1" name="RestAssuredDemoAPI.Test_Put" time="2.804" errors="0" timestamp="2021-03-19T20:10:43 IST" skipped="0">
  <testcase classname="RestAssuredDemoAPI.Test_Put" name="test01_put" time="2.804"/>
  <system-out/>
</testsuite> <!-- RestAssuredDemoAPI.Test_Put -->
