<?xml version="1.0" encoding="UTF-8"?>
<!-- Generated by org.testng.reporters.JUnitReportReporter -->
<testsuite hostname="ANANDA-ACHARYA" failures="0" tests="1" name="RestAssuredDemoAPI.Test_Post" time="6.263" errors="0" timestamp="2021-03-19T19:09:59 IST" skipped="0">
  <testcase classname="RestAssuredDemoAPI.Test_Post" name="test01_Post" time="6.263"/>
  <system-out/>
</testsuite> <!-- RestAssuredDemoAPI.Test_Post -->
