<?xml version="1.0" encoding="UTF-8"?>
<!-- Generated by org.testng.reporters.JUnitReportReporter -->
<testsuite hostname="ANANDA-ACHARYA" failures="0" tests="1" name="RestAssured.Test_Post" time="3.050" errors="0" timestamp="2021-03-19T00:04:00 IST" skipped="0">
  <testcase classname="RestAssured.Test_Post" name="test_1_post" time="3.050"/>
  <system-out/>
</testsuite> <!-- RestAssured.Test_Post -->
