<?xml version="1.0" encoding="UTF-8"?>
<!-- Generated by org.testng.reporters.JUnitReportReporter -->
<testsuite hostname="ANANDA-ACHARYA" failures="0" tests="2" name="RestAssuredDemoAPI.Test_DataProvider" time="2.223" errors="0" timestamp="2021-03-20T12:43:43 IST" skipped="0">
  <testcase classname="RestAssuredDemoAPI.Test_DataProvider" name="test01_Post" time="0.034"/>
  <system-out/>
  <testcase classname="RestAssuredDemoAPI.Test_DataProvider" name="test01_Post" time="2.189"/>
  <system-out/>
</testsuite> <!-- RestAssuredDemoAPI.Test_DataProvider -->
